<?xml version="1.0" encoding="UTF-8"?>
<!-- Generated by org.testng.reporters.JUnitReportReporter -->
<testsuite hostname="LAPTOP-QMBPJIHF" failures="0" tests="1" name="FinalDemo.Substraction" time="41.103" errors="0" timestamp="2021-12-01T22:30:54 IST" skipped="0">
  <testcase classname="FinalDemo.Substraction" name="ArithmeticOperationsSub" time="41.103"/>
  <system-out/>
</testsuite> <!-- FinalDemo.Substraction -->
