<?xml version="1.0" encoding="UTF-8"?>
<!-- Generated by org.testng.reporters.JUnitReportReporter -->
<testsuite hostname="LAPTOP-QMBPJIHF" failures="0" tests="1" name="FinalDemo.Calculator" time="22.996" errors="0" timestamp="2021-12-01T16:50:29 IST" skipped="0">
  <testcase classname="FinalDemo.Calculator" name="ArithmeticOperationsAdd" time="22.996"/>
  <system-out/>
</testsuite> <!-- FinalDemo.Calculator -->
